<?xml version="1.0" encoding="UTF-8"?>
<!-- Generated by org.testng.reporters.JUnitReportReporter -->
<testsuite hostname="Mousa-PC" failures="0" tests="2" name="nafithTask.AmazonAutomationTest" time="13.873" errors="0" timestamp="2024-07-02T10:39:25 EET" skipped="0">
  <testcase classname="nafithTask.AmazonAutomationTest" name="amazonLoginTest" time="5.049"/>
  <testcase classname="nafithTask.AmazonAutomationTest" name="amazonPurchaseTest" time="8.824"/>
</testsuite> <!-- nafithTask.AmazonAutomationTest -->
